Temp/gradleOut/build/outputs/logs/manifest-merger-release-report.txt
-- Merging decision tree log ---
manifest
ADDED from src/main/AndroidManifest.xml:2:1-36:12
INJECTED from src/main/AndroidManifest.xml:2:1-36:12
INJECTED from src/main/AndroidManifest.xml:2:1-36:12
INJECTED from src/main/AndroidManifest.xml:2:1-36:12
MERGED from [:AddComponentNative:] AndroidManifest.xml:2:1-11:12
MERGED from [:GoogleAIDL:] AndroidManifest.xml:2:1-12:12
MERGED from [:GooglePlay:] AndroidManifest.xml:2:1-40:12
MERGED from [:UnityAds:] AndroidManifest.xml:2:1-37:12
MERGED from [:android.arch.lifecycle.runtime-1.0.0:] AndroidManifest.xml:17:1-30:12
MERGED from [:com.android.support.animated-vector-drawable-26.1.0:] AndroidManifest.xml:17:1-28:12
MERGED from [:com.android.support.appcompat-v7-26.1.0:] AndroidManifest.xml:17:1-31:12
MERGED from [:com.android.support.cardview-v7-26.1.0:] AndroidManifest.xml:17:1-28:12
MERGED from [:com.android.support.customtabs-26.1.0:] AndroidManifest.xml:17:1-28:12
MERGED from [:com.android.support.support-compat-26.1.0:] AndroidManifest.xml:17:1-31:12
MERGED from [:com.android.support.support-core-ui-26.1.0:] AndroidManifest.xml:17:1-31:12
MERGED from [:com.android.support.support-core-utils-26.1.0:] AndroidManifest.xml:17:1-31:12
MERGED from [:com.android.support.support-fragment-26.1.0:] AndroidManifest.xml:17:1-31:12
MERGED from [:com.android.support.support-media-compat-26.1.0:] AndroidManifest.xml:17:1-31:12
MERGED from [:com.android.support.support-v4-26.1.0:] AndroidManifest.xml:17:1-31:12
MERGED from [:com.android.support.support-vector-drawable-26.1.0:] AndroidManifest.xml:17:1-28:12
MERGED from [:com.google.android.gms.play-services-ads-17.2.0:] AndroidManifest.xml:17:1-25:12
MERGED from [:com.google.android.gms.play-services-ads-base-17.2.0:] AndroidManifest.xml:2:1-9:12
MERGED from [:com.google.android.gms.play-services-ads-identifier-16.0.0:] AndroidManifest.xml:17:1-24:12
MERGED from [:com.google.android.gms.play-services-ads-lite-17.2.0:] AndroidManifest.xml:17:1-27:12
MERGED from [:com.google.android.gms.play-services-basement-16.0.1:] AndroidManifest.xml:17:1-28:12
MERGED from [:com.google.android.gms.play-services-gass-17.2.0:] AndroidManifest.xml:2:1-9:12
MERGED from [:com.google.android.gms.play-services-measurement-base-16.3.0:] AndroidManifest.xml:2:1-9:12
MERGED from [:com.google.android.gms.play-services-measurement-sdk-api-16.3.0:] AndroidManifest.xml:17:1-30:12
MERGED from [:common:] AndroidManifest.xml:2:1-12:12
MERGED from [:facebook-android-wrapper-7.12.1:] AndroidManifest.xml:21:1-30:12
MERGED from [:facebook-applinks:] AndroidManifest.xml:21:1-31:12
MERGED from [:facebook-common:] AndroidManifest.xml:21:1-36:12
MERGED from [:facebook-core:] AndroidManifest.xml:21:1-53:12
MERGED from [:facebook-login:] AndroidManifest.xml:21:1-31:12
MERGED from [:facebook-messenger:] AndroidManifest.xml:21:1-31:12
MERGED from [:facebook-places:] AndroidManifest.xml:21:1-31:12
MERGED from [:facebook-share:] AndroidManifest.xml:21:1-31:12
MERGED from [:GoogleMobileAdsPlugin] AndroidManifest.xml:7:1-27:12
INJECTED from src/main/AndroidManifest.xml:2:1-36:12
INJECTED from src/main/AndroidManifest.xml:2:1-36:12
INJECTED from src/main/AndroidManifest.xml:2:1-36:12
	package
		ADDED from src/main/AndroidManifest.xml:2:117-161
		INJECTED from src/main/AndroidManifest.xml
		INJECTED from src/main/AndroidManifest.xml
	android:versionName
		ADDED from src/main/AndroidManifest.xml:2:186-211
		INJECTED from src/main/AndroidManifest.xml
		INJECTED from src/main/AndroidManifest.xml
	xmlns:tools
		ADDED from src/main/AndroidManifest.xml:2:70-116
	xmlns:android
		ADDED from src/main/AndroidManifest.xml:2:11-69
	android:versionCode
		ADDED from src/main/AndroidManifest.xml:2:162-185
		INJECTED from src/main/AndroidManifest.xml
		INJECTED from src/main/AndroidManifest.xml
	android:installLocation
		ADDED from src/main/AndroidManifest.xml:2:212-242
uses-permission#android.permission.WRITE_EXTERNAL_STORAGE
ADDED from src/main/AndroidManifest.xml:3:3-79
	android:name
		ADDED from src/main/AndroidManifest.xml:3:20-76
uses-permission#android.permission.READ_EXTERNAL_STORAGE
ADDED from src/main/AndroidManifest.xml:4:3-78
	android:name
		ADDED from src/main/AndroidManifest.xml:4:20-75
uses-sdk
ADDED from src/main/AndroidManifest.xml:5:3-72
INJECTED from src/main/AndroidManifest.xml:5:3-72
INJECTED from src/main/AndroidManifest.xml:5:3-72
MERGED from [:AddComponentNative:] AndroidManifest.xml:7:5-9:41
MERGED from [:AddComponentNative:] AndroidManifest.xml:7:5-9:41
MERGED from [:GoogleAIDL:] AndroidManifest.xml:7:5-43
MERGED from [:GoogleAIDL:] AndroidManifest.xml:7:5-43
MERGED from [:GooglePlay:] AndroidManifest.xml:7:5-9:41
MERGED from [:GooglePlay:] AndroidManifest.xml:7:5-9:41
MERGED from [:UnityAds:] AndroidManifest.xml:7:5-9:41
MERGED from [:UnityAds:] AndroidManifest.xml:7:5-9:41
MERGED from [:android.arch.lifecycle.runtime-1.0.0:] AndroidManifest.xml:20:5-22:41
MERGED from [:android.arch.lifecycle.runtime-1.0.0:] AndroidManifest.xml:20:5-22:41
MERGED from [:com.android.support.animated-vector-drawable-26.1.0:] AndroidManifest.xml:20:5-44
MERGED from [:com.android.support.animated-vector-drawable-26.1.0:] AndroidManifest.xml:20:5-44
MERGED from [:com.android.support.appcompat-v7-26.1.0:] AndroidManifest.xml:21:5-23:78
MERGED from [:com.android.support.appcompat-v7-26.1.0:] AndroidManifest.xml:21:5-23:78
MERGED from [:com.android.support.cardview-v7-26.1.0:] AndroidManifest.xml:20:5-44
MERGED from [:com.android.support.cardview-v7-26.1.0:] AndroidManifest.xml:20:5-44
MERGED from [:com.android.support.customtabs-26.1.0:] AndroidManifest.xml:20:5-44
MERGED from [:com.android.support.customtabs-26.1.0:] AndroidManifest.xml:20:5-44
MERGED from [:com.android.support.support-compat-26.1.0:] AndroidManifest.xml:21:5-23:58
MERGED from [:com.android.support.support-compat-26.1.0:] AndroidManifest.xml:21:5-23:58
MERGED from [:com.android.support.support-core-ui-26.1.0:] AndroidManifest.xml:21:5-23:58
MERGED from [:com.android.support.support-core-ui-26.1.0:] AndroidManifest.xml:21:5-23:58
MERGED from [:com.android.support.support-core-utils-26.1.0:] AndroidManifest.xml:21:5-23:61
MERGED from [:com.android.support.support-core-utils-26.1.0:] AndroidManifest.xml:21:5-23:61
MERGED from [:com.android.support.support-fragment-26.1.0:] AndroidManifest.xml:21:5-23:60
MERGED from [:com.android.support.support-fragment-26.1.0:] AndroidManifest.xml:21:5-23:60
MERGED from [:com.android.support.support-media-compat-26.1.0:] AndroidManifest.xml:21:5-23:63
MERGED from [:com.android.support.support-media-compat-26.1.0:] AndroidManifest.xml:21:5-23:63
MERGED from [:com.android.support.support-v4-26.1.0:] AndroidManifest.xml:21:5-23:54
MERGED from [:com.android.support.support-v4-26.1.0:] AndroidManifest.xml:21:5-23:54
MERGED from [:com.android.support.support-vector-drawable-26.1.0:] AndroidManifest.xml:20:5-44
MERGED from [:com.android.support.support-vector-drawable-26.1.0:] AndroidManifest.xml:20:5-44
MERGED from [:com.google.android.gms.play-services-ads-17.2.0:] AndroidManifest.xml:21:5-23:62
MERGED from [:com.google.android.gms.play-services-ads-17.2.0:] AndroidManifest.xml:21:5-23:62
MERGED from [:com.google.android.gms.play-services-ads-base-17.2.0:] AndroidManifest.xml:5:5-44
MERGED from [:com.google.android.gms.play-services-ads-base-17.2.0:] AndroidManifest.xml:5:5-44
MERGED from [:com.google.android.gms.play-services-ads-identifier-16.0.0:] AndroidManifest.xml:20:5-44
MERGED from [:com.google.android.gms.play-services-ads-identifier-16.0.0:] AndroidManifest.xml:20:5-44
MERGED from [:com.google.android.gms.play-services-ads-lite-17.2.0:] AndroidManifest.xml:18:3-42
MERGED from [:com.google.android.gms.play-services-ads-lite-17.2.0:] AndroidManifest.xml:18:3-42
MERGED from [:com.google.android.gms.play-services-basement-16.0.1:] AndroidManifest.xml:20:5-44
MERGED from [:com.google.android.gms.play-services-basement-16.0.1:] AndroidManifest.xml:20:5-44
MERGED from [:com.google.android.gms.play-services-gass-17.2.0:] AndroidManifest.xml:5:5-44
MERGED from [:com.google.android.gms.play-services-gass-17.2.0:] AndroidManifest.xml:5:5-44
MERGED from [:com.google.android.gms.play-services-measurement-base-16.3.0:] AndroidManifest.xml:5:5-44
MERGED from [:com.google.android.gms.play-services-measurement-base-16.3.0:] AndroidManifest.xml:5:5-44
MERGED from [:com.google.android.gms.play-services-measurement-sdk-api-16.3.0:] AndroidManifest.xml:20:5-44
MERGED from [:com.google.android.gms.play-services-measurement-sdk-api-16.3.0:] AndroidManifest.xml:20:5-44
MERGED from [:common:] AndroidManifest.xml:7:5-43
MERGED from [:common:] AndroidManifest.xml:7:5-43
MERGED from [:facebook-android-wrapper-7.12.1:] AndroidManifest.xml:24:5-26:41
MERGED from [:facebook-android-wrapper-7.12.1:] AndroidManifest.xml:24:5-26:41
MERGED from [:facebook-applinks:] AndroidManifest.xml:24:5-26:41
MERGED from [:facebook-applinks:] AndroidManifest.xml:24:5-26:41
MERGED from [:facebook-common:] AndroidManifest.xml:24:5-26:41
MERGED from [:facebook-common:] AndroidManifest.xml:24:5-26:41
MERGED from [:facebook-core:] AndroidManifest.xml:24:5-26:41
MERGED from [:facebook-core:] AndroidManifest.xml:24:5-26:41
MERGED from [:facebook-login:] AndroidManifest.xml:24:5-26:41
MERGED from [:facebook-login:] AndroidManifest.xml:24:5-26:41
MERGED from [:facebook-messenger:] AndroidManifest.xml:24:5-26:41
MERGED from [:facebook-messenger:] AndroidManifest.xml:24:5-26:41
MERGED from [:facebook-places:] AndroidManifest.xml:24:5-26:41
MERGED from [:facebook-places:] AndroidManifest.xml:24:5-26:41
MERGED from [:facebook-share:] AndroidManifest.xml:24:5-26:41
MERGED from [:facebook-share:] AndroidManifest.xml:24:5-26:41
MERGED from [:GoogleMobileAdsPlugin] AndroidManifest.xml:12:5-14:41
MERGED from [:GoogleMobileAdsPlugin] AndroidManifest.xml:12:5-14:41
INJECTED from src/main/AndroidManifest.xml:5:3-72
INJECTED from src/main/AndroidManifest.xml:5:3-72
	tools:overrideLibrary
		ADDED from [:com.android.support.appcompat-v7-26.1.0:] AndroidManifest.xml:23:9-75
	android:targetSdkVersion
		ADDED from src/main/AndroidManifest.xml:5:40-69
		INJECTED from src/main/AndroidManifest.xml
		INJECTED from src/main/AndroidManifest.xml
	android:minSdkVersion
		ADDED from src/main/AndroidManifest.xml:5:13-39
		INJECTED from src/main/AndroidManifest.xml
		INJECTED from src/main/AndroidManifest.xml
supports-screens
ADDED from src/main/AndroidManifest.xml:6:3-163
	android:largeScreens
		ADDED from src/main/AndroidManifest.xml:6:47-74
	android:smallScreens
		ADDED from src/main/AndroidManifest.xml:6:104-131
	android:normalScreens
		ADDED from src/main/AndroidManifest.xml:6:75-103
	android:xlargeScreens
		ADDED from src/main/AndroidManifest.xml:6:132-160
	android:anyDensity
		ADDED from src/main/AndroidManifest.xml:6:21-46
application
ADDED from src/main/AndroidManifest.xml:7:3-29:17
MERGED from [:GoogleAIDL:] AndroidManifest.xml:9:5-10:19
MERGED from [:GoogleAIDL:] AndroidManifest.xml:9:5-10:19
MERGED from [:GooglePlay:] AndroidManifest.xml:22:5-38:19
MERGED from [:GooglePlay:] AndroidManifest.xml:22:5-38:19
MERGED from [:UnityAds:] AndroidManifest.xml:14:5-35:19
MERGED from [:UnityAds:] AndroidManifest.xml:14:5-35:19
MERGED from [:android.arch.lifecycle.runtime-1.0.0:] AndroidManifest.xml:24:5-28:19
MERGED from [:android.arch.lifecycle.runtime-1.0.0:] AndroidManifest.xml:24:5-28:19
MERGED from [:com.android.support.animated-vector-drawable-26.1.0:] AndroidManifest.xml:22:5-26:19
MERGED from [:com.android.support.animated-vector-drawable-26.1.0:] AndroidManifest.xml:22:5-26:19
MERGED from [:com.android.support.appcompat-v7-26.1.0:] AndroidManifest.xml:25:5-29:19
MERGED from [:com.android.support.appcompat-v7-26.1.0:] AndroidManifest.xml:25:5-29:19
MERGED from [:com.android.support.cardview-v7-26.1.0:] AndroidManifest.xml:22:5-26:19
MERGED from [:com.android.support.cardview-v7-26.1.0:] AndroidManifest.xml:22:5-26:19
MERGED from [:com.android.support.customtabs-26.1.0:] AndroidManifest.xml:22:5-26:19
MERGED from [:com.android.support.customtabs-26.1.0:] AndroidManifest.xml:22:5-26:19
MERGED from [:com.android.support.support-compat-26.1.0:] AndroidManifest.xml:25:5-29:19
MERGED from [:com.android.support.support-compat-26.1.0:] AndroidManifest.xml:25:5-29:19
MERGED from [:com.android.support.support-core-ui-26.1.0:] AndroidManifest.xml:25:5-29:19
MERGED from [:com.android.support.support-core-ui-26.1.0:] AndroidManifest.xml:25:5-29:19
MERGED from [:com.android.support.support-core-utils-26.1.0:] AndroidManifest.xml:25:5-29:19
MERGED from [:com.android.support.support-core-utils-26.1.0:] AndroidManifest.xml:25:5-29:19
MERGED from [:com.android.support.support-fragment-26.1.0:] AndroidManifest.xml:25:5-29:19
MERGED from [:com.android.support.support-fragment-26.1.0:] AndroidManifest.xml:25:5-29:19
MERGED from [:com.android.support.support-media-compat-26.1.0:] AndroidManifest.xml:25:5-29:19
MERGED from [:com.android.support.support-media-compat-26.1.0:] AndroidManifest.xml:25:5-29:19
MERGED from [:com.android.support.support-v4-26.1.0:] AndroidManifest.xml:25:5-29:19
MERGED from [:com.android.support.support-v4-26.1.0:] AndroidManifest.xml:25:5-29:19
MERGED from [:com.android.support.support-vector-drawable-26.1.0:] AndroidManifest.xml:22:5-26:19
MERGED from [:com.android.support.support-vector-drawable-26.1.0:] AndroidManifest.xml:22:5-26:19
MERGED from [:com.google.android.gms.play-services-ads-base-17.2.0:] AndroidManifest.xml:7:5-20
MERGED from [:com.google.android.gms.play-services-ads-base-17.2.0:] AndroidManifest.xml:7:5-20
MERGED from [:com.google.android.gms.play-services-ads-identifier-16.0.0:] AndroidManifest.xml:22:5-20
MERGED from [:com.google.android.gms.play-services-ads-identifier-16.0.0:] AndroidManifest.xml:22:5-20
MERGED from [:com.google.android.gms.play-services-ads-lite-17.2.0:] AndroidManifest.xml:22:3-26:17
MERGED from [:com.google.android.gms.play-services-ads-lite-17.2.0:] AndroidManifest.xml:22:3-26:17
MERGED from [:com.google.android.gms.play-services-basement-16.0.1:] AndroidManifest.xml:22:5-26:19
MERGED from [:com.google.android.gms.play-services-basement-16.0.1:] AndroidManifest.xml:22:5-26:19
MERGED from [:com.google.android.gms.play-services-gass-17.2.0:] AndroidManifest.xml:7:5-20
MERGED from [:com.google.android.gms.play-services-gass-17.2.0:] AndroidManifest.xml:7:5-20
MERGED from [:com.google.android.gms.play-services-measurement-base-16.3.0:] AndroidManifest.xml:7:5-20
MERGED from [:com.google.android.gms.play-services-measurement-base-16.3.0:] AndroidManifest.xml:7:5-20
MERGED from [:com.google.android.gms.play-services-measurement-sdk-api-16.3.0:] AndroidManifest.xml:27:5-28:19
MERGED from [:com.google.android.gms.play-services-measurement-sdk-api-16.3.0:] AndroidManifest.xml:27:5-28:19
MERGED from [:common:] AndroidManifest.xml:9:5-10:19
MERGED from [:common:] AndroidManifest.xml:9:5-10:19
MERGED from [:facebook-android-wrapper-7.12.1:] AndroidManifest.xml:28:5-20
MERGED from [:facebook-android-wrapper-7.12.1:] AndroidManifest.xml:28:5-20
MERGED from [:facebook-applinks:] AndroidManifest.xml:28:5-29:19
MERGED from [:facebook-applinks:] AndroidManifest.xml:28:5-29:19
MERGED from [:facebook-common:] AndroidManifest.xml:28:5-34:19
MERGED from [:facebook-common:] AndroidManifest.xml:28:5-34:19
MERGED from [:facebook-core:] AndroidManifest.xml:28:5-51:19
MERGED from [:facebook-core:] AndroidManifest.xml:28:5-51:19
MERGED from [:facebook-login:] AndroidManifest.xml:28:5-29:19
MERGED from [:facebook-login:] AndroidManifest.xml:28:5-29:19
MERGED from [:facebook-messenger:] AndroidManifest.xml:28:5-29:19
MERGED from [:facebook-messenger:] AndroidManifest.xml:28:5-29:19
MERGED from [:facebook-places:] AndroidManifest.xml:28:5-29:19
MERGED from [:facebook-places:] AndroidManifest.xml:28:5-29:19
MERGED from [:facebook-share:] AndroidManifest.xml:28:5-29:19
MERGED from [:facebook-share:] AndroidManifest.xml:28:5-29:19
MERGED from [:GoogleMobileAdsPlugin] AndroidManifest.xml:16:5-25:19
MERGED from [:GoogleMobileAdsPlugin] AndroidManifest.xml:16:5-25:19
	android:supportsRtl
		ADDED from [:facebook-applinks:] AndroidManifest.xml:28:18-44
	android:label
		ADDED from src/main/AndroidManifest.xml:7:16-48
	android:allowBackup
		ADDED from [:GooglePlay:] AndroidManifest.xml:22:18-44
	android:largeHeap
		ADDED from src/main/AndroidManifest.xml:7:49-73
	android:icon
		ADDED from src/main/AndroidManifest.xml:7:193-224
	android:banner
		ADDED from src/main/AndroidManifest.xml:7:155-192
	android:theme
		ADDED from src/main/AndroidManifest.xml:7:74-132
	android:isGame
		ADDED from src/main/AndroidManifest.xml:7:133-154
activity#com.unity3d.player.UnityPlayerActivity
ADDED from src/main/AndroidManifest.xml:8:5-15:16
	android:screenOrientation
		ADDED from src/main/AndroidManifest.xml:8:102-140
	android:label
		ADDED from src/main/AndroidManifest.xml:8:69-101
	android:launchMode
		ADDED from src/main/AndroidManifest.xml:8:141-172
	android:hardwareAccelerated
		ADDED from src/main/AndroidManifest.xml:8:355-390
	android:configChanges
		ADDED from src/main/AndroidManifest.xml:8:173-354
	android:name
		ADDED from src/main/AndroidManifest.xml:8:15-68
intent-filter#action:name:android.intent.action.MAIN+category:name:android.intent.category.LAUNCHER+category:name:android.intent.category.LEANBACK_LAUNCHER
ADDED from src/main/AndroidManifest.xml:9:7-13:23
action#android.intent.action.MAIN
ADDED from src/main/AndroidManifest.xml:10:9-61
	android:name
		ADDED from src/main/AndroidManifest.xml:10:17-58
category#android.intent.category.LAUNCHER
ADDED from src/main/AndroidManifest.xml:11:9-69
	android:name
		ADDED from src/main/AndroidManifest.xml:11:19-66
category#android.intent.category.LEANBACK_LAUNCHER
ADDED from src/main/AndroidManifest.xml:12:9-78
	android:name
		ADDED from src/main/AndroidManifest.xml:12:19-75
meta-data#unityplayer.UnityActivity
ADDED from src/main/AndroidManifest.xml:14:7-82
	android:value
		ADDED from src/main/AndroidManifest.xml:14:59-79
	android:name
		ADDED from src/main/AndroidManifest.xml:14:18-58
activity#com.facebook.unity.FBUnityLoginActivity
ADDED from src/main/AndroidManifest.xml:16:5-301
	android:configChanges
		ADDED from src/main/AndroidManifest.xml:16:70-227
	android:theme
		ADDED from src/main/AndroidManifest.xml:16:228-298
	android:name
		ADDED from src/main/AndroidManifest.xml:16:15-69
activity#com.facebook.unity.FBUnityDialogsActivity
ADDED from src/main/AndroidManifest.xml:17:5-303
	android:configChanges
		ADDED from src/main/AndroidManifest.xml:17:72-229
	android:theme
		ADDED from src/main/AndroidManifest.xml:17:230-300
	android:name
		ADDED from src/main/AndroidManifest.xml:17:15-71
activity#com.facebook.unity.FBUnityAppLinkActivity
ADDED from src/main/AndroidManifest.xml:18:5-98
	android:exported
		ADDED from src/main/AndroidManifest.xml:18:72-95
	android:name
		ADDED from src/main/AndroidManifest.xml:18:15-71
activity#com.facebook.unity.FBUnityDeepLinkingActivity
ADDED from src/main/AndroidManifest.xml:19:5-102
	android:exported
		ADDED from src/main/AndroidManifest.xml:19:76-99
	android:name
		ADDED from src/main/AndroidManifest.xml:19:15-75
activity#com.facebook.unity.FBUnityGameRequestActivity
ADDED from src/main/AndroidManifest.xml:20:5-78
	android:name
		ADDED from src/main/AndroidManifest.xml:20:15-75
activity#com.facebook.unity.FBUnityCreateGameGroupActivity
ADDED from src/main/AndroidManifest.xml:21:5-82
	android:name
		ADDED from src/main/AndroidManifest.xml:21:15-79
activity#com.facebook.unity.FBUnityJoinGameGroupActivity
ADDED from src/main/AndroidManifest.xml:22:5-80
	android:name
		ADDED from src/main/AndroidManifest.xml:22:15-77
activity#com.facebook.unity.AppInviteDialogActivity
ADDED from src/main/AndroidManifest.xml:23:5-75
	android:name
		ADDED from src/main/AndroidManifest.xml:23:15-72
meta-data#com.facebook.sdk.ApplicationId
ADDED from src/main/AndroidManifest.xml:24:5-98
	android:value
		ADDED from src/main/AndroidManifest.xml:24:62-95
	android:name
		ADDED from src/main/AndroidManifest.xml:24:16-61
provider#com.facebook.FacebookContentProvider
ADDED from src/main/AndroidManifest.xml:25:5-171
	android:authorities
		ADDED from src/main/AndroidManifest.xml:25:67-144
	android:exported
		ADDED from src/main/AndroidManifest.xml:25:145-168
	android:name
		ADDED from src/main/AndroidManifest.xml:25:15-66
meta-data#unity.build-id
ADDED from src/main/AndroidManifest.xml:26:5-101
	android:value
		ADDED from src/main/AndroidManifest.xml:26:46-98
	android:name
		ADDED from src/main/AndroidManifest.xml:26:16-45
meta-data#unity.splash-mode
ADDED from src/main/AndroidManifest.xml:27:5-69
	android:value
		ADDED from src/main/AndroidManifest.xml:27:49-66
	android:name
		ADDED from src/main/AndroidManifest.xml:27:16-48
meta-data#unity.splash-enable
ADDED from src/main/AndroidManifest.xml:28:5-74
	android:value
		ADDED from src/main/AndroidManifest.xml:28:51-71
	android:name
		ADDED from src/main/AndroidManifest.xml:28:16-50
uses-feature#0x00020000
ADDED from src/main/AndroidManifest.xml:30:3-52
	android:glEsVersion
		ADDED from src/main/AndroidManifest.xml:30:17-49
uses-permission#android.permission.INTERNET
ADDED from src/main/AndroidManifest.xml:31:3-65
MERGED from [:GooglePlay:] AndroidManifest.xml:11:5-67
MERGED from [:GooglePlay:] AndroidManifest.xml:11:5-67
MERGED from [:UnityAds:] AndroidManifest.xml:12:5-67
MERGED from [:UnityAds:] AndroidManifest.xml:12:5-67
MERGED from [:com.google.android.gms.play-services-ads-lite-17.2.0:] AndroidManifest.xml:20:3-65
MERGED from [:com.google.android.gms.play-services-ads-lite-17.2.0:] AndroidManifest.xml:20:3-65
MERGED from [:com.google.android.gms.play-services-measurement-sdk-api-16.3.0:] AndroidManifest.xml:23:5-67
MERGED from [:com.google.android.gms.play-services-measurement-sdk-api-16.3.0:] AndroidManifest.xml:23:5-67
	android:name
		ADDED from src/main/AndroidManifest.xml:31:20-62
uses-permission#android.permission.ACCESS_NETWORK_STATE
ADDED from src/main/AndroidManifest.xml:32:3-77
MERGED from [:UnityAds:] AndroidManifest.xml:11:5-79
MERGED from [:UnityAds:] AndroidManifest.xml:11:5-79
MERGED from [:com.google.android.gms.play-services-ads-lite-17.2.0:] AndroidManifest.xml:21:3-77
MERGED from [:com.google.android.gms.play-services-ads-lite-17.2.0:] AndroidManifest.xml:21:3-77
MERGED from [:com.google.android.gms.play-services-measurement-sdk-api-16.3.0:] AndroidManifest.xml:24:5-79
MERGED from [:com.google.android.gms.play-services-measurement-sdk-api-16.3.0:] AndroidManifest.xml:24:5-79
	android:name
		ADDED from src/main/AndroidManifest.xml:32:20-74
uses-feature#android.hardware.touchscreen
ADDED from src/main/AndroidManifest.xml:33:3-88
	android:required
		ADDED from src/main/AndroidManifest.xml:33:61-85
	android:name
		ADDED from src/main/AndroidManifest.xml:33:17-60
uses-feature#android.hardware.touchscreen.multitouch
ADDED from src/main/AndroidManifest.xml:34:3-99
	android:required
		ADDED from src/main/AndroidManifest.xml:34:72-96
	android:name
		ADDED from src/main/AndroidManifest.xml:34:17-71
uses-feature#android.hardware.touchscreen.multitouch.distinct
ADDED from src/main/AndroidManifest.xml:35:3-108
	android:required
		ADDED from src/main/AndroidManifest.xml:35:81-105
	android:name
		ADDED from src/main/AndroidManifest.xml:35:17-80
uses-permission#com.android.vending.BILLING
ADDED from [:GooglePlay:] AndroidManifest.xml:12:5-67
	android:name
		ADDED from [:GooglePlay:] AndroidManifest.xml:12:22-64
uses-feature#android.software.vr.mode
ADDED from [:GooglePlay:] AndroidManifest.xml:14:5-16:36
	android:required
		ADDED from [:GooglePlay:] AndroidManifest.xml:16:9-33
	android:name
		ADDED from [:GooglePlay:] AndroidManifest.xml:15:9-48
uses-feature#android.software.vr.high_performance
ADDED from [:GooglePlay:] AndroidManifest.xml:18:5-20:36
	android:required
		ADDED from [:GooglePlay:] AndroidManifest.xml:20:9-33
	android:name
		ADDED from [:GooglePlay:] AndroidManifest.xml:19:9-60
activity#com.unity.purchasing.googleplay.PurchaseActivity
ADDED from [:GooglePlay:] AndroidManifest.xml:23:9-26:86
	android:configChanges
		ADDED from [:GooglePlay:] AndroidManifest.xml:25:13-170
	android:theme
		ADDED from [:GooglePlay:] AndroidManifest.xml:26:13-83
	android:name
		ADDED from [:GooglePlay:] AndroidManifest.xml:24:13-76
activity#com.unity.purchasing.googleplay.VRPurchaseActivity
ADDED from [:GooglePlay:] AndroidManifest.xml:27:9-37:20
	android:enableVrMode
		ADDED from [:GooglePlay:] AndroidManifest.xml:30:13-106
	android:configChanges
		ADDED from [:GooglePlay:] AndroidManifest.xml:29:13-170
	android:theme
		ADDED from [:GooglePlay:] AndroidManifest.xml:31:13-51
	android:name
		ADDED from [:GooglePlay:] AndroidManifest.xml:28:13-78
intent-filter#action:name:com.google.vr.vrcore.ACTION_NONE+category:name:com.google.intent.category.DAYDREAM
ADDED from [:GooglePlay:] AndroidManifest.xml:32:13-36:29
action#com.google.vr.vrcore.ACTION_NONE
ADDED from [:GooglePlay:] AndroidManifest.xml:33:17-75
	android:name
		ADDED from [:GooglePlay:] AndroidManifest.xml:33:25-72
category#com.google.intent.category.DAYDREAM
ADDED from [:GooglePlay:] AndroidManifest.xml:35:17-80
	android:name
		ADDED from [:GooglePlay:] AndroidManifest.xml:35:27-77
activity#com.unity3d.services.ads.adunit.AdUnitActivity
ADDED from [:UnityAds:] AndroidManifest.xml:15:9-19:74
	android:hardwareAccelerated
		ADDED from [:UnityAds:] AndroidManifest.xml:18:13-47
	android:configChanges
		ADDED from [:UnityAds:] AndroidManifest.xml:17:13-170
	android:theme
		ADDED from [:UnityAds:] AndroidManifest.xml:19:13-71
	android:name
		ADDED from [:UnityAds:] AndroidManifest.xml:16:13-74
activity#com.unity3d.services.ads.adunit.AdUnitTransparentActivity
ADDED from [:UnityAds:] AndroidManifest.xml:20:9-24:86
	android:hardwareAccelerated
		ADDED from [:UnityAds:] AndroidManifest.xml:23:13-47
	android:configChanges
		ADDED from [:UnityAds:] AndroidManifest.xml:22:13-170
	android:theme
		ADDED from [:UnityAds:] AndroidManifest.xml:24:13-83
	android:name
		ADDED from [:UnityAds:] AndroidManifest.xml:21:13-85
activity#com.unity3d.services.ads.adunit.AdUnitTransparentSoftwareActivity
ADDED from [:UnityAds:] AndroidManifest.xml:25:9-29:86
	android:hardwareAccelerated
		ADDED from [:UnityAds:] AndroidManifest.xml:28:13-48
	android:configChanges
		ADDED from [:UnityAds:] AndroidManifest.xml:27:13-170
	android:theme
		ADDED from [:UnityAds:] AndroidManifest.xml:29:13-83
	android:name
		ADDED from [:UnityAds:] AndroidManifest.xml:26:13-93
activity#com.unity3d.services.ads.adunit.AdUnitSoftwareActivity
ADDED from [:UnityAds:] AndroidManifest.xml:30:9-34:74
	android:hardwareAccelerated
		ADDED from [:UnityAds:] AndroidManifest.xml:33:13-48
	android:configChanges
		ADDED from [:UnityAds:] AndroidManifest.xml:32:13-170
	android:theme
		ADDED from [:UnityAds:] AndroidManifest.xml:34:13-71
	android:name
		ADDED from [:UnityAds:] AndroidManifest.xml:31:13-82
meta-data#android.arch.lifecycle.VERSION
ADDED from [:android.arch.lifecycle.runtime-1.0.0:] AndroidManifest.xml:25:9-27:47
	android:value
		ADDED from [:android.arch.lifecycle.runtime-1.0.0:] AndroidManifest.xml:27:13-44
	android:name
		ADDED from [:android.arch.lifecycle.runtime-1.0.0:] AndroidManifest.xml:26:13-58
meta-data#android.support.VERSION
ADDED from [:com.android.support.animated-vector-drawable-26.1.0:] AndroidManifest.xml:23:9-25:38
MERGED from [:com.android.support.appcompat-v7-26.1.0:] AndroidManifest.xml:26:9-28:38
MERGED from [:com.android.support.appcompat-v7-26.1.0:] AndroidManifest.xml:26:9-28:38
MERGED from [:com.android.support.cardview-v7-26.1.0:] AndroidManifest.xml:23:9-25:38
MERGED from [:com.android.support.cardview-v7-26.1.0:] AndroidManifest.xml:23:9-25:38
MERGED from [:com.android.support.customtabs-26.1.0:] AndroidManifest.xml:23:9-25:38
MERGED from [:com.android.support.customtabs-26.1.0:] AndroidManifest.xml:23:9-25:38
MERGED from [:com.android.support.support-compat-26.1.0:] AndroidManifest.xml:26:9-28:38
MERGED from [:com.android.support.support-compat-26.1.0:] AndroidManifest.xml:26:9-28:38
MERGED from [:com.android.support.support-core-ui-26.1.0:] AndroidManifest.xml:26:9-28:38
MERGED from [:com.android.support.support-core-ui-26.1.0:] AndroidManifest.xml:26:9-28:38
MERGED from [:com.android.support.support-core-utils-26.1.0:] AndroidManifest.xml:26:9-28:38
MERGED from [:com.android.support.support-core-utils-26.1.0:] AndroidManifest.xml:26:9-28:38
MERGED from [:com.android.support.support-fragment-26.1.0:] AndroidManifest.xml:26:9-28:38
MERGED from [:com.android.support.support-fragment-26.1.0:] AndroidManifest.xml:26:9-28:38
MERGED from [:com.android.support.support-media-compat-26.1.0:] AndroidManifest.xml:26:9-28:38
MERGED from [:com.android.support.support-media-compat-26.1.0:] AndroidManifest.xml:26:9-28:38
MERGED from [:com.android.support.support-v4-26.1.0:] AndroidManifest.xml:26:9-28:38
MERGED from [:com.android.support.support-v4-26.1.0:] AndroidManifest.xml:26:9-28:38
MERGED from [:com.android.support.support-vector-drawable-26.1.0:] AndroidManifest.xml:23:9-25:38
MERGED from [:com.android.support.support-vector-drawable-26.1.0:] AndroidManifest.xml:23:9-25:38
	android:value
		ADDED from [:com.android.support.animated-vector-drawable-26.1.0:] AndroidManifest.xml:25:13-35
	android:name
		ADDED from [:com.android.support.animated-vector-drawable-26.1.0:] AndroidManifest.xml:24:13-51
activity#com.google.android.gms.ads.AdActivity
ADDED from [:com.google.android.gms.play-services-ads-lite-17.2.0:] AndroidManifest.xml:24:5-254
	android:exported
		ADDED from [:com.google.android.gms.play-services-ads-lite-17.2.0:] AndroidManifest.xml:24:178-202
	android:configChanges
		ADDED from [:com.google.android.gms.play-services-ads-lite-17.2.0:] AndroidManifest.xml:24:68-177
	android:theme
		ADDED from [:com.google.android.gms.play-services-ads-lite-17.2.0:] AndroidManifest.xml:24:203-251
	android:name
		ADDED from [:com.google.android.gms.play-services-ads-lite-17.2.0:] AndroidManifest.xml:24:15-67